<?xml version="1.0" encoding="UTF-8"?>
<!-- Generated by org.testng.reporters.JUnitReportReporter -->
<testsuite hostname="SHASHANK-HP360" failures="0" tests="1" name="SeleniumTest.SeleniumCodingChallenges.WebDriverManagerTest" time="13.789" errors="0" timestamp="2021-04-13T19:07:05 IST" skipped="0">
  <testcase classname="SeleniumTest.SeleniumCodingChallenges.WebDriverManagerTest" name="EcommerceTest" time="13.789"/>
</testsuite> <!-- SeleniumTest.SeleniumCodingChallenges.WebDriverManagerTest -->
